TN:
SF:js-fundamentals\custom-stringyfy.js
FN:11,stringify
FNF:1
FNH:1
FNDA:16,stringify
DA:1,1
DA:2,1
DA:3,1
DA:4,1
DA:5,1
DA:6,1
DA:7,1
DA:8,1
DA:9,1
DA:10,1
DA:11,16
DA:12,16
DA:13,14
DA:14,16
DA:15,7
DA:16,16
DA:17,2
DA:18,2
DA:19,2
DA:20,16
DA:21,2
DA:22,16
DA:23,0
DA:24,0
DA:25,2
DA:26,16
DA:27,1
DA:28,1
DA:29,1
DA:30,1
DA:31,1
DA:32,1
DA:33,1
DA:34,1
DA:35,2
DA:36,2
DA:37,1
DA:38,1
DA:39,1
DA:40,1
DA:41,0
DA:42,0
DA:43,0
DA:44,1
DA:45,1
LF:45
LH:40
BRDA:11,0,0,16
BRDA:12,1,0,2
BRDA:12,2,0,14
BRDA:14,3,0,7
BRDA:16,4,0,4
BRDA:16,5,0,5
BRDA:16,6,0,2
BRDA:20,7,0,2
BRDA:22,8,0,0
BRDA:24,9,0,2
BRDA:26,10,0,1
BRDA:40,11,0,0
BRDA:27,12,0,4
BRDA:34,13,0,2
BRDA:36,14,0,0
BRF:15
BRH:12
end_of_record
